mode: set
github.com/speak2jc/default-operator/controllers/cronjob_controller.go:61.36,61.57 1 0
github.com/speak2jc/default-operator/controllers/cronjob_controller.go:90.99,106.65 3 0
github.com/speak2jc/default-operator/controllers/cronjob_controller.go:121.2,122.129 2 0
github.com/speak2jc/default-operator/controllers/cronjob_controller.go:153.2,163.73 5 0
github.com/speak2jc/default-operator/controllers/cronjob_controller.go:178.2,178.70 1 0
github.com/speak2jc/default-operator/controllers/cronjob_controller.go:192.2,192.38 1 0
github.com/speak2jc/default-operator/controllers/cronjob_controller.go:219.2,219.27 1 0
github.com/speak2jc/default-operator/controllers/cronjob_controller.go:224.2,225.39 2 0
github.com/speak2jc/default-operator/controllers/cronjob_controller.go:240.2,251.57 2 0
github.com/speak2jc/default-operator/controllers/cronjob_controller.go:268.2,268.48 1 0
github.com/speak2jc/default-operator/controllers/cronjob_controller.go:287.2,287.52 1 0
github.com/speak2jc/default-operator/controllers/cronjob_controller.go:313.2,313.58 1 0
github.com/speak2jc/default-operator/controllers/cronjob_controller.go:336.2,336.115 1 0
github.com/speak2jc/default-operator/controllers/cronjob_controller.go:392.2,393.16 2 0
github.com/speak2jc/default-operator/controllers/cronjob_controller.go:404.2,412.24 3 0
github.com/speak2jc/default-operator/controllers/cronjob_controller.go:418.2,420.49 3 0
github.com/speak2jc/default-operator/controllers/cronjob_controller.go:423.2,423.13 1 0
github.com/speak2jc/default-operator/controllers/cronjob_controller.go:436.2,436.85 1 0
github.com/speak2jc/default-operator/controllers/cronjob_controller.go:442.2,442.63 1 0
github.com/speak2jc/default-operator/controllers/cronjob_controller.go:467.2,467.103 1 0
github.com/speak2jc/default-operator/controllers/cronjob_controller.go:496.2,497.16 2 0
github.com/speak2jc/default-operator/controllers/cronjob_controller.go:504.2,504.43 1 0
github.com/speak2jc/default-operator/controllers/cronjob_controller.go:509.2,520.29 2 0
github.com/speak2jc/default-operator/controllers/cronjob_controller.go:106.65,112.3 2 0
github.com/speak2jc/default-operator/controllers/cronjob_controller.go:122.129,125.3 2 0
github.com/speak2jc/default-operator/controllers/cronjob_controller.go:163.73,164.43 1 0
github.com/speak2jc/default-operator/controllers/cronjob_controller.go:170.3,170.19 1 0
github.com/speak2jc/default-operator/controllers/cronjob_controller.go:164.43,165.104 1 0
github.com/speak2jc/default-operator/controllers/cronjob_controller.go:165.104,167.5 1 0
github.com/speak2jc/default-operator/controllers/cronjob_controller.go:178.70,180.24 2 0
github.com/speak2jc/default-operator/controllers/cronjob_controller.go:184.3,185.17 2 0
github.com/speak2jc/default-operator/controllers/cronjob_controller.go:188.3,188.26 1 0
github.com/speak2jc/default-operator/controllers/cronjob_controller.go:180.24,182.4 1 0
github.com/speak2jc/default-operator/controllers/cronjob_controller.go:185.17,187.4 1 0
github.com/speak2jc/default-operator/controllers/cronjob_controller.go:192.38,194.23 2 0
github.com/speak2jc/default-operator/controllers/cronjob_controller.go:205.3,206.17 2 0
github.com/speak2jc/default-operator/controllers/cronjob_controller.go:210.3,210.33 1 0
github.com/speak2jc/default-operator/controllers/cronjob_controller.go:195.11,196.56 1 0
github.com/speak2jc/default-operator/controllers/cronjob_controller.go:197.25,198.56 1 0
github.com/speak2jc/default-operator/controllers/cronjob_controller.go:199.27,200.64 1 0
github.com/speak2jc/default-operator/controllers/cronjob_controller.go:206.17,208.12 2 0
github.com/speak2jc/default-operator/controllers/cronjob_controller.go:210.33,211.29 1 0
github.com/speak2jc/default-operator/controllers/cronjob_controller.go:211.29,213.5 1 0
github.com/speak2jc/default-operator/controllers/cronjob_controller.go:213.10,213.58 1 0
github.com/speak2jc/default-operator/controllers/cronjob_controller.go:213.58,215.5 1 0
github.com/speak2jc/default-operator/controllers/cronjob_controller.go:219.27,221.3 1 0
github.com/speak2jc/default-operator/controllers/cronjob_controller.go:221.8,223.3 1 0
github.com/speak2jc/default-operator/controllers/cronjob_controller.go:225.39,227.17 2 0
github.com/speak2jc/default-operator/controllers/cronjob_controller.go:231.3,231.65 1 0
github.com/speak2jc/default-operator/controllers/cronjob_controller.go:227.17,229.12 2 0
github.com/speak2jc/default-operator/controllers/cronjob_controller.go:251.57,254.3 2 0
github.com/speak2jc/default-operator/controllers/cronjob_controller.go:268.48,269.46 1 0
github.com/speak2jc/default-operator/controllers/cronjob_controller.go:275.3,275.34 1 0
github.com/speak2jc/default-operator/controllers/cronjob_controller.go:269.46,270.45 1 0
github.com/speak2jc/default-operator/controllers/cronjob_controller.go:273.4,273.80 1 0
github.com/speak2jc/default-operator/controllers/cronjob_controller.go:270.45,272.5 1 0
github.com/speak2jc/default-operator/controllers/cronjob_controller.go:275.34,276.79 1 0
github.com/speak2jc/default-operator/controllers/cronjob_controller.go:279.4,279.130 1 0
github.com/speak2jc/default-operator/controllers/cronjob_controller.go:276.79,277.10 1 0
github.com/speak2jc/default-operator/controllers/cronjob_controller.go:279.130,281.5 1 0
github.com/speak2jc/default-operator/controllers/cronjob_controller.go:281.10,283.5 1 0
github.com/speak2jc/default-operator/controllers/cronjob_controller.go:287.52,288.50 1 0
github.com/speak2jc/default-operator/controllers/cronjob_controller.go:294.3,294.38 1 0
github.com/speak2jc/default-operator/controllers/cronjob_controller.go:288.50,289.49 1 0
github.com/speak2jc/default-operator/controllers/cronjob_controller.go:292.4,292.88 1 0
github.com/speak2jc/default-operator/controllers/cronjob_controller.go:289.49,291.5 1 0
github.com/speak2jc/default-operator/controllers/cronjob_controller.go:294.38,295.87 1 0
github.com/speak2jc/default-operator/controllers/cronjob_controller.go:298.4,298.109 1 0
github.com/speak2jc/default-operator/controllers/cronjob_controller.go:295.87,296.10 1 0
github.com/speak2jc/default-operator/controllers/cronjob_controller.go:298.109,300.5 1 0
github.com/speak2jc/default-operator/controllers/cronjob_controller.go:300.10,302.5 1 0
github.com/speak2jc/default-operator/controllers/cronjob_controller.go:313.58,316.3 2 0
github.com/speak2jc/default-operator/controllers/cronjob_controller.go:336.115,338.17 2 0
github.com/speak2jc/default-operator/controllers/cronjob_controller.go:345.3,346.45 2 0
github.com/speak2jc/default-operator/controllers/cronjob_controller.go:351.3,351.50 1 0
github.com/speak2jc/default-operator/controllers/cronjob_controller.go:359.3,359.30 1 0
github.com/speak2jc/default-operator/controllers/cronjob_controller.go:363.3,364.71 2 0
github.com/speak2jc/default-operator/controllers/cronjob_controller.go:386.3,386.42 1 0
github.com/speak2jc/default-operator/controllers/cronjob_controller.go:338.17,340.4 1 0
github.com/speak2jc/default-operator/controllers/cronjob_controller.go:346.45,348.4 1 0
github.com/speak2jc/default-operator/controllers/cronjob_controller.go:348.9,350.4 1 0
github.com/speak2jc/default-operator/controllers/cronjob_controller.go:351.50,355.46 2 0
github.com/speak2jc/default-operator/controllers/cronjob_controller.go:355.46,357.5 1 0
github.com/speak2jc/default-operator/controllers/cronjob_controller.go:359.30,361.4 1 0
github.com/speak2jc/default-operator/controllers/cronjob_controller.go:364.71,381.20 3 0
github.com/speak2jc/default-operator/controllers/cronjob_controller.go:381.20,384.5 1 0
github.com/speak2jc/default-operator/controllers/cronjob_controller.go:393.16,398.3 2 0
github.com/speak2jc/default-operator/controllers/cronjob_controller.go:412.24,415.3 2 0
github.com/speak2jc/default-operator/controllers/cronjob_controller.go:420.49,422.3 1 0
github.com/speak2jc/default-operator/controllers/cronjob_controller.go:423.13,427.3 2 0
github.com/speak2jc/default-operator/controllers/cronjob_controller.go:436.85,439.3 2 0
github.com/speak2jc/default-operator/controllers/cronjob_controller.go:442.63,443.40 1 0
github.com/speak2jc/default-operator/controllers/cronjob_controller.go:443.40,445.136 1 0
github.com/speak2jc/default-operator/controllers/cronjob_controller.go:445.136,448.5 2 0
github.com/speak2jc/default-operator/controllers/cronjob_controller.go:467.103,480.58 3 0
github.com/speak2jc/default-operator/controllers/cronjob_controller.go:483.3,484.53 2 0
github.com/speak2jc/default-operator/controllers/cronjob_controller.go:487.3,487.77 1 0
github.com/speak2jc/default-operator/controllers/cronjob_controller.go:491.3,491.18 1 0
github.com/speak2jc/default-operator/controllers/cronjob_controller.go:480.58,482.4 1 0
github.com/speak2jc/default-operator/controllers/cronjob_controller.go:484.53,486.4 1 0
github.com/speak2jc/default-operator/controllers/cronjob_controller.go:487.77,489.4 1 0
github.com/speak2jc/default-operator/controllers/cronjob_controller.go:497.16,501.3 2 0
github.com/speak2jc/default-operator/controllers/cronjob_controller.go:504.43,507.3 2 0
github.com/speak2jc/default-operator/controllers/cronjob_controller.go:542.70,544.20 1 0
github.com/speak2jc/default-operator/controllers/cronjob_controller.go:548.2,548.131 1 0
github.com/speak2jc/default-operator/controllers/cronjob_controller.go:566.2,569.14 1 0
github.com/speak2jc/default-operator/controllers/cronjob_controller.go:544.20,546.3 1 0
github.com/speak2jc/default-operator/controllers/cronjob_controller.go:548.131,552.19 3 0
github.com/speak2jc/default-operator/controllers/cronjob_controller.go:556.3,556.62 1 0
github.com/speak2jc/default-operator/controllers/cronjob_controller.go:561.3,561.30 1 0
github.com/speak2jc/default-operator/controllers/cronjob_controller.go:552.19,554.4 1 0
github.com/speak2jc/default-operator/controllers/cronjob_controller.go:556.62,558.4 1 0
github.com/speak2jc/default-operator/controllers/cronjob_controller.go:562.17,564.3 1 0
github.com/speak2jc/default-operator/api/v1/cronjob_webhook.go:44.67,48.2 1 1
github.com/speak2jc/default-operator/api/v1/cronjob_webhook.go:58.29,61.36 2 0
github.com/speak2jc/default-operator/api/v1/cronjob_webhook.go:64.2,64.27 1 0
github.com/speak2jc/default-operator/api/v1/cronjob_webhook.go:67.2,67.46 1 0
github.com/speak2jc/default-operator/api/v1/cronjob_webhook.go:71.2,71.42 1 0
github.com/speak2jc/default-operator/api/v1/cronjob_webhook.go:61.36,63.3 1 0
github.com/speak2jc/default-operator/api/v1/cronjob_webhook.go:64.27,66.3 1 0
github.com/speak2jc/default-operator/api/v1/cronjob_webhook.go:67.46,70.3 2 0
github.com/speak2jc/default-operator/api/v1/cronjob_webhook.go:71.42,74.3 2 0
github.com/speak2jc/default-operator/api/v1/cronjob_webhook.go:82.42,86.2 2 0
github.com/speak2jc/default-operator/api/v1/cronjob_webhook.go:89.60,93.2 2 0
github.com/speak2jc/default-operator/api/v1/cronjob_webhook.go:96.42,101.2 2 0
github.com/speak2jc/default-operator/api/v1/cronjob_webhook.go:103.43,105.48 2 0
github.com/speak2jc/default-operator/api/v1/cronjob_webhook.go:108.2,108.48 1 0
github.com/speak2jc/default-operator/api/v1/cronjob_webhook.go:111.2,111.23 1 0
github.com/speak2jc/default-operator/api/v1/cronjob_webhook.go:115.2,117.19 1 0
github.com/speak2jc/default-operator/api/v1/cronjob_webhook.go:105.48,107.3 1 0
github.com/speak2jc/default-operator/api/v1/cronjob_webhook.go:108.48,110.3 1 0
github.com/speak2jc/default-operator/api/v1/cronjob_webhook.go:111.23,113.3 1 0
github.com/speak2jc/default-operator/api/v1/cronjob_webhook.go:120.54,126.2 1 0
github.com/speak2jc/default-operator/api/v1/cronjob_webhook.go:128.80,129.56 1 0
github.com/speak2jc/default-operator/api/v1/cronjob_webhook.go:132.2,132.12 1 0
github.com/speak2jc/default-operator/api/v1/cronjob_webhook.go:129.56,131.3 1 0
github.com/speak2jc/default-operator/api/v1/cronjob_webhook.go:135.54,136.71 1 0
github.com/speak2jc/default-operator/api/v1/cronjob_webhook.go:145.2,145.12 1 0
github.com/speak2jc/default-operator/api/v1/cronjob_webhook.go:136.71,144.3 1 0
github.com/speak2jc/default-operator/api/v1/zz_generated.deepcopy.go:29.47,35.2 5 0
github.com/speak2jc/default-operator/api/v1/zz_generated.deepcopy.go:38.40,39.15 1 0
github.com/speak2jc/default-operator/api/v1/zz_generated.deepcopy.go:42.2,44.12 3 0
github.com/speak2jc/default-operator/api/v1/zz_generated.deepcopy.go:39.15,41.3 1 0
github.com/speak2jc/default-operator/api/v1/zz_generated.deepcopy.go:48.52,49.34 1 0
github.com/speak2jc/default-operator/api/v1/zz_generated.deepcopy.go:52.2,52.12 1 0
github.com/speak2jc/default-operator/api/v1/zz_generated.deepcopy.go:49.34,51.3 1 0
github.com/speak2jc/default-operator/api/v1/zz_generated.deepcopy.go:56.55,60.21 4 0
github.com/speak2jc/default-operator/api/v1/zz_generated.deepcopy.go:60.21,63.22 3 0
github.com/speak2jc/default-operator/api/v1/zz_generated.deepcopy.go:63.22,65.4 1 0
github.com/speak2jc/default-operator/api/v1/zz_generated.deepcopy.go:70.48,71.15 1 0
github.com/speak2jc/default-operator/api/v1/zz_generated.deepcopy.go:74.2,76.12 3 0
github.com/speak2jc/default-operator/api/v1/zz_generated.deepcopy.go:71.15,73.3 1 0
github.com/speak2jc/default-operator/api/v1/zz_generated.deepcopy.go:80.56,81.34 1 0
github.com/speak2jc/default-operator/api/v1/zz_generated.deepcopy.go:84.2,84.12 1 0
github.com/speak2jc/default-operator/api/v1/zz_generated.deepcopy.go:81.34,83.3 1 0
github.com/speak2jc/default-operator/api/v1/zz_generated.deepcopy.go:88.55,90.39 2 0
github.com/speak2jc/default-operator/api/v1/zz_generated.deepcopy.go:95.2,95.23 1 0
github.com/speak2jc/default-operator/api/v1/zz_generated.deepcopy.go:100.2,101.42 2 0
github.com/speak2jc/default-operator/api/v1/zz_generated.deepcopy.go:106.2,106.38 1 0
github.com/speak2jc/default-operator/api/v1/zz_generated.deepcopy.go:90.39,94.3 3 0
github.com/speak2jc/default-operator/api/v1/zz_generated.deepcopy.go:95.23,99.3 3 0
github.com/speak2jc/default-operator/api/v1/zz_generated.deepcopy.go:101.42,105.3 3 0
github.com/speak2jc/default-operator/api/v1/zz_generated.deepcopy.go:106.38,110.3 3 0
github.com/speak2jc/default-operator/api/v1/zz_generated.deepcopy.go:114.48,115.15 1 0
github.com/speak2jc/default-operator/api/v1/zz_generated.deepcopy.go:118.2,120.12 3 0
github.com/speak2jc/default-operator/api/v1/zz_generated.deepcopy.go:115.15,117.3 1 0
github.com/speak2jc/default-operator/api/v1/zz_generated.deepcopy.go:124.59,126.22 2 0
github.com/speak2jc/default-operator/api/v1/zz_generated.deepcopy.go:131.2,131.32 1 0
github.com/speak2jc/default-operator/api/v1/zz_generated.deepcopy.go:126.22,130.3 3 0
github.com/speak2jc/default-operator/api/v1/zz_generated.deepcopy.go:131.32,134.3 2 0
github.com/speak2jc/default-operator/api/v1/zz_generated.deepcopy.go:138.52,139.15 1 0
github.com/speak2jc/default-operator/api/v1/zz_generated.deepcopy.go:142.2,144.12 3 0
github.com/speak2jc/default-operator/api/v1/zz_generated.deepcopy.go:139.15,141.3 1 0
github.com/speak2jc/default-operator/api/v1/cronjob_conversion.go:27.24,27.25 0 0
github.com/speak2jc/default-operator/api/v1/cronjob_types.go:152.13,154.2 1 1
github.com/speak2jc/default-operator/api/v2/zz_generated.deepcopy.go:29.47,35.2 5 0
github.com/speak2jc/default-operator/api/v2/zz_generated.deepcopy.go:38.40,39.15 1 0
github.com/speak2jc/default-operator/api/v2/zz_generated.deepcopy.go:42.2,44.12 3 0
github.com/speak2jc/default-operator/api/v2/zz_generated.deepcopy.go:39.15,41.3 1 0
github.com/speak2jc/default-operator/api/v2/zz_generated.deepcopy.go:48.52,49.34 1 0
github.com/speak2jc/default-operator/api/v2/zz_generated.deepcopy.go:52.2,52.12 1 0
github.com/speak2jc/default-operator/api/v2/zz_generated.deepcopy.go:49.34,51.3 1 0
github.com/speak2jc/default-operator/api/v2/zz_generated.deepcopy.go:56.55,60.21 4 0
github.com/speak2jc/default-operator/api/v2/zz_generated.deepcopy.go:60.21,63.22 3 0
github.com/speak2jc/default-operator/api/v2/zz_generated.deepcopy.go:63.22,65.4 1 0
github.com/speak2jc/default-operator/api/v2/zz_generated.deepcopy.go:70.48,71.15 1 0
github.com/speak2jc/default-operator/api/v2/zz_generated.deepcopy.go:74.2,76.12 3 0
github.com/speak2jc/default-operator/api/v2/zz_generated.deepcopy.go:71.15,73.3 1 0
github.com/speak2jc/default-operator/api/v2/zz_generated.deepcopy.go:80.56,81.34 1 0
github.com/speak2jc/default-operator/api/v2/zz_generated.deepcopy.go:84.2,84.12 1 0
github.com/speak2jc/default-operator/api/v2/zz_generated.deepcopy.go:81.34,83.3 1 0
github.com/speak2jc/default-operator/api/v2/zz_generated.deepcopy.go:88.55,91.39 3 0
github.com/speak2jc/default-operator/api/v2/zz_generated.deepcopy.go:96.2,96.23 1 0
github.com/speak2jc/default-operator/api/v2/zz_generated.deepcopy.go:101.2,102.42 2 0
github.com/speak2jc/default-operator/api/v2/zz_generated.deepcopy.go:107.2,107.38 1 0
github.com/speak2jc/default-operator/api/v2/zz_generated.deepcopy.go:91.39,95.3 3 0
github.com/speak2jc/default-operator/api/v2/zz_generated.deepcopy.go:96.23,100.3 3 0
github.com/speak2jc/default-operator/api/v2/zz_generated.deepcopy.go:102.42,106.3 3 0
github.com/speak2jc/default-operator/api/v2/zz_generated.deepcopy.go:107.38,111.3 3 0
github.com/speak2jc/default-operator/api/v2/zz_generated.deepcopy.go:115.48,116.15 1 0
github.com/speak2jc/default-operator/api/v2/zz_generated.deepcopy.go:119.2,121.12 3 0
github.com/speak2jc/default-operator/api/v2/zz_generated.deepcopy.go:116.15,118.3 1 0
github.com/speak2jc/default-operator/api/v2/zz_generated.deepcopy.go:125.59,127.22 2 0
github.com/speak2jc/default-operator/api/v2/zz_generated.deepcopy.go:132.2,132.32 1 0
github.com/speak2jc/default-operator/api/v2/zz_generated.deepcopy.go:127.22,131.3 3 0
github.com/speak2jc/default-operator/api/v2/zz_generated.deepcopy.go:132.32,135.3 2 0
github.com/speak2jc/default-operator/api/v2/zz_generated.deepcopy.go:139.52,140.15 1 0
github.com/speak2jc/default-operator/api/v2/zz_generated.deepcopy.go:143.2,145.12 3 0
github.com/speak2jc/default-operator/api/v2/zz_generated.deepcopy.go:140.15,142.3 1 0
github.com/speak2jc/default-operator/api/v2/zz_generated.deepcopy.go:149.57,151.22 2 0
github.com/speak2jc/default-operator/api/v2/zz_generated.deepcopy.go:156.2,156.20 1 0
github.com/speak2jc/default-operator/api/v2/zz_generated.deepcopy.go:161.2,161.26 1 0
github.com/speak2jc/default-operator/api/v2/zz_generated.deepcopy.go:166.2,166.21 1 0
github.com/speak2jc/default-operator/api/v2/zz_generated.deepcopy.go:171.2,171.25 1 0
github.com/speak2jc/default-operator/api/v2/zz_generated.deepcopy.go:151.22,155.3 3 0
github.com/speak2jc/default-operator/api/v2/zz_generated.deepcopy.go:156.20,160.3 3 0
github.com/speak2jc/default-operator/api/v2/zz_generated.deepcopy.go:161.26,165.3 3 0
github.com/speak2jc/default-operator/api/v2/zz_generated.deepcopy.go:166.21,170.3 3 0
github.com/speak2jc/default-operator/api/v2/zz_generated.deepcopy.go:171.25,175.3 3 0
github.com/speak2jc/default-operator/api/v2/zz_generated.deepcopy.go:179.50,180.15 1 0
github.com/speak2jc/default-operator/api/v2/zz_generated.deepcopy.go:183.2,185.12 3 0
github.com/speak2jc/default-operator/api/v2/zz_generated.deepcopy.go:180.15,182.3 1 0
github.com/speak2jc/default-operator/api/v2/cronjob_conversion.go:47.60,52.25 4 0
github.com/speak2jc/default-operator/api/v2/cronjob_conversion.go:55.2,55.23 1 0
github.com/speak2jc/default-operator/api/v2/cronjob_conversion.go:58.2,58.29 1 0
github.com/speak2jc/default-operator/api/v2/cronjob_conversion.go:61.2,61.24 1 0
github.com/speak2jc/default-operator/api/v2/cronjob_conversion.go:64.2,64.28 1 0
github.com/speak2jc/default-operator/api/v2/cronjob_conversion.go:67.2,88.12 11 0
github.com/speak2jc/default-operator/api/v2/cronjob_conversion.go:52.25,54.3 1 0
github.com/speak2jc/default-operator/api/v2/cronjob_conversion.go:55.23,57.3 1 0
github.com/speak2jc/default-operator/api/v2/cronjob_conversion.go:58.29,60.3 1 0
github.com/speak2jc/default-operator/api/v2/cronjob_conversion.go:61.24,63.3 1 0
github.com/speak2jc/default-operator/api/v2/cronjob_conversion.go:64.28,66.3 1 0
github.com/speak2jc/default-operator/api/v2/cronjob_conversion.go:97.62,101.26 3 0
github.com/speak2jc/default-operator/api/v2/cronjob_conversion.go:104.2,104.46 1 0
github.com/speak2jc/default-operator/api/v2/cronjob_conversion.go:111.2,136.12 15 0
github.com/speak2jc/default-operator/api/v2/cronjob_conversion.go:101.26,103.3 1 0
github.com/speak2jc/default-operator/api/v2/cronjob_conversion.go:104.46,105.17 1 0
github.com/speak2jc/default-operator/api/v2/cronjob_conversion.go:108.3,109.15 2 0
github.com/speak2jc/default-operator/api/v2/cronjob_conversion.go:105.17,107.4 1 0
github.com/speak2jc/default-operator/api/v2/cronjob_types.go:181.13,183.2 1 1
github.com/speak2jc/default-operator/api/v2/cronjob_webhook.go:27.67,31.2 1 1
